<?xml version="1.0" encoding="UTF-8"?>
<testsuite xmlns:xsi="http://www.w3.org/2001/XMLSchema-instance" xsi:noNamespaceSchemaLocation="https://maven.apache.org/surefire/maven-surefire-plugin/xsd/surefire-test-report.xsd" name="TestSuite" time="80.179" tests="6" errors="0" skipped="1" failures="5">
  <properties>
[...]
</properties>
  <testcase name="elementValidation" classname="Training.rediffElementTest" time="8.522">
    <failure message="expected [false] but found [true]" type="java.lang.AssertionError">java.lang.AssertionError: expected [false] but found [true]
	at Training.rediffElementTest.elementValidation(rediffElementTest.java:33)
</failure>
    <system-err><![CDATA[1521119961746	geckodriver	INFO	geckodriver 0.19.1
1521119961759	geckodriver	INFO	Listening on 127.0.0.1:46778
1521119962405	mozrunner::runner	INFO	Running command: "C:\\Program Files\\Mozilla Firefox\\firefox.exe" "-marionette" "-profile" "C:\\Users\\NANDOO~1\\AppData\\Local\\Temp\\rust_mozprofile.w6bnpsTXK7fP"
1521119964838	Marionette	INFO	Enabled via --marionette
1521119967219	Marionette	INFO	Listening on port 52757
1521119967650	Marionette	WARN	TLS certificate errors will be ignored for this session
Mar 15, 2018 6:49:27 PM org.openqa.selenium.remote.ProtocolHandshake createSession
INFO: Detected dialect: W3C
1521119968019	geckodriver	INFO	geckodriver 0.19.1
1521119968030	geckodriver	INFO	Listening on 127.0.0.1:38286
1521119968512	mozrunner::runner	INFO	Running command: "C:\\Program Files\\Mozilla Firefox\\firefox.exe" "-marionette" "-profile" "C:\\Users\\NANDOO~1\\AppData\\Local\\Temp\\rust_mozprofile.3qkprhzJ0D99"
1521119969302	Marionette	INFO	Enabled via --marionette
1521119971059	Marionette	INFO	Listening on port 52786
1521119971646	Marionette	WARN	TLS certificate errors will be ignored for this session
Mar 15, 2018 6:49:31 PM org.openqa.selenium.remote.ProtocolHandshake createSession
INFO: Detected dialect: W3C
1521119971975	geckodriver	INFO	geckodriver 0.19.1
1521119971984	geckodriver	INFO	Listening on 127.0.0.1:12539
1521119972468	mozrunner::runner	INFO	Running command: "C:\\Program Files\\Mozilla Firefox\\firefox.exe" "-marionette" "-profile" "C:\\Users\\NANDOO~1\\AppData\\Local\\Temp\\rust_mozprofile.stnBC1Z786K6"
1521119973427	Marionette	INFO	Enabled via --marionette
1521119975419	Marionette	INFO	Listening on port 52829
1521119976121	Marionette	WARN	TLS certificate errors will be ignored for this session
Mar 15, 2018 6:49:36 PM org.openqa.selenium.remote.ProtocolHandshake createSession
INFO: Detected dialect: W3C
]]></system-err>
  </testcase>
  <testcase name="loginNavigation" classname="Training.rediffMainTest" time="20.068">
    <failure message="Element &lt;input id=&quot;srchword&quot; class=&quot;homesrchbox&quot; name=&quot;srchword&quot; type=&quot;text&quot;&gt; is not reachable by keyboard&#10;Build info: version: &apos;3.11.0&apos;, revision: &apos;e59cfb3&apos;, time: &apos;2018-03-11T20:26:55.152Z&apos;&#10;System info: host: &apos;NANDOORATH00170&apos;, ip: &apos;10.7.198.189&apos;, os.name: &apos;Windows 10&apos;, os.arch: &apos;amd64&apos;, os.version: &apos;10.0&apos;, java.version: &apos;1.8.0_161&apos;&#10;Driver info: org.openqa.selenium.firefox.FirefoxDriver&#10;Capabilities {acceptInsecureCerts: true, browserName: firefox, browserVersion: 58.0.2, javascriptEnabled: true, moz:accessibilityChecks: false, moz:headless: false, moz:processID: 28948, moz:profile: C:\Users\nandoorath001\AppD..., moz:webdriverClick: true, pageLoadStrategy: normal, platform: XP, platformName: XP, platformVersion: 10.0, rotatable: false, timeouts: {implicit: 0, pageLoad: 300000, script: 30000}}&#10;Session ID: 85c9433c-1329-4480-8676-c69d7117f001" type="org.openqa.selenium.ElementNotInteractableException"><![CDATA[org.openqa.selenium.ElementNotInteractableException: 
Element <input id="srchword" class="homesrchbox" name="srchword" type="text"> is not reachable by keyboard
Build info: version: '3.11.0', revision: 'e59cfb3', time: '2018-03-11T20:26:55.152Z'
System info: host: 'NANDOORATH00170', ip: '10.7.198.189', os.name: 'Windows 10', os.arch: 'amd64', os.version: '10.0', java.version: '1.8.0_161'
Driver info: org.openqa.selenium.firefox.FirefoxDriver
Capabilities {acceptInsecureCerts: true, browserName: firefox, browserVersion: 58.0.2, javascriptEnabled: true, moz:accessibilityChecks: false, moz:headless: false, moz:processID: 28948, moz:profile: C:\Users\nandoorath001\AppD..., moz:webdriverClick: true, pageLoadStrategy: normal, platform: XP, platformName: XP, platformVersion: 10.0, rotatable: false, timeouts: {implicit: 0, pageLoad: 300000, script: 30000}}
Session ID: 85c9433c-1329-4480-8676-c69d7117f001
	at Training.rediffMainTest.loginNavigation(rediffMainTest.java:40)
]]></failure>
    <system-err><![CDATA[java.io.FileNotFoundException: C:\Users\nandoorath001\E2EProject\Screenshots\elementValidationscreenshot.png (The system cannot find the path specified)
	at java.io.FileOutputStream.open0(Native Method)
	at java.io.FileOutputStream.open(FileOutputStream.java:270)
	at java.io.FileOutputStream.<init>(FileOutputStream.java:213)
	at com.google.common.io.Files$FileByteSink.openStream(Files.java:216)
	at com.google.common.io.Files$FileByteSink.openStream(Files.java:204)
	at com.google.common.io.ByteSource.copyTo(ByteSource.java:267)
	at com.google.common.io.Files.copy(Files.java:327)
	at resources.base.getScreenshot(base.java:50)
	at Training.listener.onTestFailure(listener.java:32)
	at org.testng.internal.TestListenerHelper.runTestListeners(TestListenerHelper.java:67)
	at org.testng.internal.Invoker.runTestListeners(Invoker.java:1388)
	at org.testng.internal.Invoker.invokeMethod(Invoker.java:633)
	at org.testng.internal.Invoker.invokeTestMethod(Invoker.java:716)
	at org.testng.internal.Invoker.invokeTestMethods(Invoker.java:988)
	at org.testng.internal.TestMethodWorker.invokeTestMethods(TestMethodWorker.java:125)
	at org.testng.internal.TestMethodWorker.run(TestMethodWorker.java:109)
	at org.testng.TestRunner.privateRun(TestRunner.java:648)
	at org.testng.TestRunner.run(TestRunner.java:505)
	at org.testng.SuiteRunner.runTest(SuiteRunner.java:455)
	at org.testng.SuiteRunner.runSequentially(SuiteRunner.java:450)
	at org.testng.SuiteRunner.privateRun(SuiteRunner.java:415)
	at org.testng.SuiteRunner.run(SuiteRunner.java:364)
	at org.testng.SuiteRunnerWorker.runSuite(SuiteRunnerWorker.java:52)
	at org.testng.SuiteRunnerWorker.run(SuiteRunnerWorker.java:84)
	at org.testng.TestNG.runSuitesSequentially(TestNG.java:1208)
	at org.testng.TestNG.runSuitesLocally(TestNG.java:1137)
	at org.testng.TestNG.runSuites(TestNG.java:1049)
	at org.testng.TestNG.run(TestNG.java:1017)
	at org.apache.maven.surefire.testng.TestNGExecutor.run(TestNGExecutor.java:283)
	at org.apache.maven.surefire.testng.TestNGXmlTestSuite.execute(TestNGXmlTestSuite.java:75)
	at org.apache.maven.surefire.testng.TestNGProvider.invoke(TestNGProvider.java:120)
	at org.apache.maven.surefire.booter.ForkedBooter.invokeProviderInSameClassLoader(ForkedBooter.java:379)
	at org.apache.maven.surefire.booter.ForkedBooter.runSuitesInProcess(ForkedBooter.java:340)
	at org.apache.maven.surefire.booter.ForkedBooter.execute(ForkedBooter.java:125)
	at org.apache.maven.surefire.booter.ForkedBooter.main(ForkedBooter.java:413)
]]></system-err>
  </testcase>
  <testcase name="loginNavigation" classname="Training.rediffMainTest" time="27.823">
    <failure message="Element &lt;input id=&quot;srchword&quot; class=&quot;homesrchbox&quot; name=&quot;srchword&quot; type=&quot;text&quot;&gt; is not reachable by keyboard&#10;Build info: version: &apos;3.11.0&apos;, revision: &apos;e59cfb3&apos;, time: &apos;2018-03-11T20:26:55.152Z&apos;&#10;System info: host: &apos;NANDOORATH00170&apos;, ip: &apos;10.7.198.189&apos;, os.name: &apos;Windows 10&apos;, os.arch: &apos;amd64&apos;, os.version: &apos;10.0&apos;, java.version: &apos;1.8.0_161&apos;&#10;Driver info: org.openqa.selenium.firefox.FirefoxDriver&#10;Capabilities {acceptInsecureCerts: true, browserName: firefox, browserVersion: 58.0.2, javascriptEnabled: true, moz:accessibilityChecks: false, moz:headless: false, moz:processID: 28948, moz:profile: C:\Users\nandoorath001\AppD..., moz:webdriverClick: true, pageLoadStrategy: normal, platform: XP, platformName: XP, platformVersion: 10.0, rotatable: false, timeouts: {implicit: 0, pageLoad: 300000, script: 30000}}&#10;Session ID: 85c9433c-1329-4480-8676-c69d7117f001" type="org.openqa.selenium.ElementNotInteractableException"><![CDATA[org.openqa.selenium.ElementNotInteractableException: 
Element <input id="srchword" class="homesrchbox" name="srchword" type="text"> is not reachable by keyboard
Build info: version: '3.11.0', revision: 'e59cfb3', time: '2018-03-11T20:26:55.152Z'
System info: host: 'NANDOORATH00170', ip: '10.7.198.189', os.name: 'Windows 10', os.arch: 'amd64', os.version: '10.0', java.version: '1.8.0_161'
Driver info: org.openqa.selenium.firefox.FirefoxDriver
Capabilities {acceptInsecureCerts: true, browserName: firefox, browserVersion: 58.0.2, javascriptEnabled: true, moz:accessibilityChecks: false, moz:headless: false, moz:processID: 28948, moz:profile: C:\Users\nandoorath001\AppD..., moz:webdriverClick: true, pageLoadStrategy: normal, platform: XP, platformName: XP, platformVersion: 10.0, rotatable: false, timeouts: {implicit: 0, pageLoad: 300000, script: 30000}}
Session ID: 85c9433c-1329-4480-8676-c69d7117f001
	at Training.rediffMainTest.loginNavigation(rediffMainTest.java:40)
]]></failure>
    <system-err><![CDATA[java.io.FileNotFoundException: C:\Users\nandoorath001\E2EProject\Screenshots\loginNavigationscreenshot.png (The system cannot find the path specified)
	at java.io.FileOutputStream.open0(Native Method)
	at java.io.FileOutputStream.open(FileOutputStream.java:270)
	at java.io.FileOutputStream.<init>(FileOutputStream.java:213)
	at com.google.common.io.Files$FileByteSink.openStream(Files.java:216)
	at com.google.common.io.Files$FileByteSink.openStream(Files.java:204)
	at com.google.common.io.ByteSource.copyTo(ByteSource.java:267)
	at com.google.common.io.Files.copy(Files.java:327)
	at resources.base.getScreenshot(base.java:50)
	at Training.listener.onTestFailure(listener.java:32)
	at org.testng.internal.TestListenerHelper.runTestListeners(TestListenerHelper.java:67)
	at org.testng.internal.Invoker.runTestListeners(Invoker.java:1388)
	at org.testng.internal.Invoker.invokeMethod(Invoker.java:633)
	at org.testng.internal.Invoker.invokeTestMethod(Invoker.java:716)
	at org.testng.internal.Invoker.invokeTestMethods(Invoker.java:988)
	at org.testng.internal.TestMethodWorker.invokeTestMethods(TestMethodWorker.java:125)
	at org.testng.internal.TestMethodWorker.run(TestMethodWorker.java:109)
	at org.testng.TestRunner.privateRun(TestRunner.java:648)
	at org.testng.TestRunner.run(TestRunner.java:505)
	at org.testng.SuiteRunner.runTest(SuiteRunner.java:455)
	at org.testng.SuiteRunner.runSequentially(SuiteRunner.java:450)
	at org.testng.SuiteRunner.privateRun(SuiteRunner.java:415)
	at org.testng.SuiteRunner.run(SuiteRunner.java:364)
	at org.testng.SuiteRunnerWorker.runSuite(SuiteRunnerWorker.java:52)
	at org.testng.SuiteRunnerWorker.run(SuiteRunnerWorker.java:84)
	at org.testng.TestNG.runSuitesSequentially(TestNG.java:1208)
	at org.testng.TestNG.runSuitesLocally(TestNG.java:1137)
	at org.testng.TestNG.runSuites(TestNG.java:1049)
	at org.testng.TestNG.run(TestNG.java:1017)
	at org.apache.maven.surefire.testng.TestNGExecutor.run(TestNGExecutor.java:283)
	at org.apache.maven.surefire.testng.TestNGXmlTestSuite.execute(TestNGXmlTestSuite.java:75)
	at org.apache.maven.surefire.testng.TestNGProvider.invoke(TestNGProvider.java:120)
	at org.apache.maven.surefire.booter.ForkedBooter.invokeProviderInSameClassLoader(ForkedBooter.java:379)
	at org.apache.maven.surefire.booter.ForkedBooter.runSuitesInProcess(ForkedBooter.java:340)
	at org.apache.maven.surefire.booter.ForkedBooter.execute(ForkedBooter.java:125)
	at org.apache.maven.surefire.booter.ForkedBooter.main(ForkedBooter.java:413)
Unable to read VR Path Registry from C:\Users\nandoorath001\AppData\Local\openvr\openvrpaths.vrpath
JavaScript error: https://googleads.g.doubleclick.net/pagead/ads?client=ca-pub-2932970604686705&output=html&h=250&slotname=6695530827&adk=2912595559&adf=3742742943&w=300&lmt=1521120010&loeid=38893312&format=300x250&url=http%3A%2F%2Fwww.rediff.com%2F&ea=0&flash=0&avail_w=300&wgl=1&dt=1521120010316&bpp=6&bdt=1096&fdt=85&idt=130&shv=r20180312&cbv=r20170110&saldr=aa&prev_fmts=728x90&correlator=1167604765814&frm=20&ga_vid=938533712.1521120010&ga_sid=1521120010&ga_hid=322375249&ga_fc=0&pv=1&icsg=2&nhd=1&dssz=2&mdo=0&mso=0&u_tz=330&u_his=4&u_java=0&u_h=720&u_w=1280&u_ah=720&u_aw=1280&u_cd=24&u_nplug=0&u_nmime=0&adx=777&ady=273&biw=1263&bih=646&abxe=1&scr_x=0&scr_y=0&eid=4089042%2C21061122%2C38893302%2C62710016%2C62710018%2C191880502%2C20040065&oid=3&rx=0&eae=2&fc=528&brdim=%2C%2C-7%2C-7%2C1280%2C0%2C1295%2C735%2C1280%2C646&vis=1&rsz=o%7Co%7CoeE%7C&abl=NS&ppjl=f&pfx=0&fu=16&bc=1&ifi=2&dtd=161, line 22: SyntaxError: unexpected token: numeric literal
]]></system-err>
  </testcase>
  <testcase name="logoValidation" classname="Training.rediffLogoTest" time="3.174">
    <failure message="expected [Forgot Password] but found [Forgot Password?]" type="java.lang.AssertionError">java.lang.AssertionError: expected [Forgot Password] but found [Forgot Password?]
	at Training.rediffLogoTest.logoValidation(rediffLogoTest.java:35)
</failure>
    <system-err><![CDATA[java.io.FileNotFoundException: C:\Users\nandoorath001\E2EProject\Screenshots\loginNavigationscreenshot.png (The system cannot find the path specified)
	at java.io.FileOutputStream.open0(Native Method)
	at java.io.FileOutputStream.open(FileOutputStream.java:270)
	at java.io.FileOutputStream.<init>(FileOutputStream.java:213)
	at com.google.common.io.Files$FileByteSink.openStream(Files.java:216)
	at com.google.common.io.Files$FileByteSink.openStream(Files.java:204)
	at com.google.common.io.ByteSource.copyTo(ByteSource.java:267)
	at com.google.common.io.Files.copy(Files.java:327)
	at resources.base.getScreenshot(base.java:50)
	at Training.listener.onTestFailure(listener.java:32)
	at org.testng.internal.TestListenerHelper.runTestListeners(TestListenerHelper.java:67)
	at org.testng.internal.Invoker.runTestListeners(Invoker.java:1388)
	at org.testng.internal.Invoker.invokeMethod(Invoker.java:633)
	at org.testng.internal.Invoker.invokeTestMethod(Invoker.java:716)
	at org.testng.internal.Invoker.invokeTestMethods(Invoker.java:988)
	at org.testng.internal.TestMethodWorker.invokeTestMethods(TestMethodWorker.java:125)
	at org.testng.internal.TestMethodWorker.run(TestMethodWorker.java:109)
	at org.testng.TestRunner.privateRun(TestRunner.java:648)
	at org.testng.TestRunner.run(TestRunner.java:505)
	at org.testng.SuiteRunner.runTest(SuiteRunner.java:455)
	at org.testng.SuiteRunner.runSequentially(SuiteRunner.java:450)
	at org.testng.SuiteRunner.privateRun(SuiteRunner.java:415)
	at org.testng.SuiteRunner.run(SuiteRunner.java:364)
	at org.testng.SuiteRunnerWorker.runSuite(SuiteRunnerWorker.java:52)
	at org.testng.SuiteRunnerWorker.run(SuiteRunnerWorker.java:84)
	at org.testng.TestNG.runSuitesSequentially(TestNG.java:1208)
	at org.testng.TestNG.runSuitesLocally(TestNG.java:1137)
	at org.testng.TestNG.runSuites(TestNG.java:1049)
	at org.testng.TestNG.run(TestNG.java:1017)
	at org.apache.maven.surefire.testng.TestNGExecutor.run(TestNGExecutor.java:283)
	at org.apache.maven.surefire.testng.TestNGXmlTestSuite.execute(TestNGXmlTestSuite.java:75)
	at org.apache.maven.surefire.testng.TestNGProvider.invoke(TestNGProvider.java:120)
	at org.apache.maven.surefire.booter.ForkedBooter.invokeProviderInSameClassLoader(ForkedBooter.java:379)
	at org.apache.maven.surefire.booter.ForkedBooter.runSuitesInProcess(ForkedBooter.java:340)
	at org.apache.maven.surefire.booter.ForkedBooter.execute(ForkedBooter.java:125)
	at org.apache.maven.surefire.booter.ForkedBooter.main(ForkedBooter.java:413)
]]></system-err>
  </testcase>
  <testcase name="tearDown" classname="Training.rediffElementTest" time="4.247">
    <failure message="Tried to run command without establishing a connection&#10;Build info: version: &apos;3.11.0&apos;, revision: &apos;e59cfb3&apos;, time: &apos;2018-03-11T20:26:55.152Z&apos;&#10;System info: host: &apos;NANDOORATH00170&apos;, ip: &apos;10.7.198.189&apos;, os.name: &apos;Windows 10&apos;, os.arch: &apos;amd64&apos;, os.version: &apos;10.0&apos;, java.version: &apos;1.8.0_161&apos;&#10;Driver info: org.openqa.selenium.firefox.FirefoxDriver&#10;Capabilities {acceptInsecureCerts: true, browserName: firefox, browserVersion: 58.0.2, javascriptEnabled: true, moz:accessibilityChecks: false, moz:headless: false, moz:processID: 28948, moz:profile: C:\Users\nandoorath001\AppD..., moz:webdriverClick: true, pageLoadStrategy: normal, platform: XP, platformName: XP, platformVersion: 10.0, rotatable: false, timeouts: {implicit: 0, pageLoad: 300000, script: 30000}}&#10;Session ID: 85c9433c-1329-4480-8676-c69d7117f001" type="org.openqa.selenium.SessionNotCreatedException">org.openqa.selenium.SessionNotCreatedException: 
Tried to run command without establishing a connection
Build info: version: '3.11.0', revision: 'e59cfb3', time: '2018-03-11T20:26:55.152Z'
System info: host: 'NANDOORATH00170', ip: '10.7.198.189', os.name: 'Windows 10', os.arch: 'amd64', os.version: '10.0', java.version: '1.8.0_161'
Driver info: org.openqa.selenium.firefox.FirefoxDriver
Capabilities {acceptInsecureCerts: true, browserName: firefox, browserVersion: 58.0.2, javascriptEnabled: true, moz:accessibilityChecks: false, moz:headless: false, moz:processID: 28948, moz:profile: C:\Users\nandoorath001\AppD..., moz:webdriverClick: true, pageLoadStrategy: normal, platform: XP, platformName: XP, platformVersion: 10.0, rotatable: false, timeouts: {implicit: 0, pageLoad: 300000, script: 30000}}
Session ID: 85c9433c-1329-4480-8676-c69d7117f001
</failure>
    <system-err><![CDATA[java.io.FileNotFoundException: C:\Users\nandoorath001\E2EProject\Screenshots\logoValidationscreenshot.png (The system cannot find the path specified)
	at java.io.FileOutputStream.open0(Native Method)
	at java.io.FileOutputStream.open(FileOutputStream.java:270)
	at java.io.FileOutputStream.<init>(FileOutputStream.java:213)
	at com.google.common.io.Files$FileByteSink.openStream(Files.java:216)
	at com.google.common.io.Files$FileByteSink.openStream(Files.java:204)
	at com.google.common.io.ByteSource.copyTo(ByteSource.java:267)
	at com.google.common.io.Files.copy(Files.java:327)
	at resources.base.getScreenshot(base.java:50)
	at Training.listener.onTestFailure(listener.java:32)
	at org.testng.internal.TestListenerHelper.runTestListeners(TestListenerHelper.java:67)
	at org.testng.internal.Invoker.runTestListeners(Invoker.java:1388)
	at org.testng.internal.Invoker.invokeMethod(Invoker.java:633)
	at org.testng.internal.Invoker.invokeTestMethod(Invoker.java:716)
	at org.testng.internal.Invoker.invokeTestMethods(Invoker.java:988)
	at org.testng.internal.TestMethodWorker.invokeTestMethods(TestMethodWorker.java:125)
	at org.testng.internal.TestMethodWorker.run(TestMethodWorker.java:109)
	at org.testng.TestRunner.privateRun(TestRunner.java:648)
	at org.testng.TestRunner.run(TestRunner.java:505)
	at org.testng.SuiteRunner.runTest(SuiteRunner.java:455)
	at org.testng.SuiteRunner.runSequentially(SuiteRunner.java:450)
	at org.testng.SuiteRunner.privateRun(SuiteRunner.java:415)
	at org.testng.SuiteRunner.run(SuiteRunner.java:364)
	at org.testng.SuiteRunnerWorker.runSuite(SuiteRunnerWorker.java:52)
	at org.testng.SuiteRunnerWorker.run(SuiteRunnerWorker.java:84)
	at org.testng.TestNG.runSuitesSequentially(TestNG.java:1208)
	at org.testng.TestNG.runSuitesLocally(TestNG.java:1137)
	at org.testng.TestNG.runSuites(TestNG.java:1049)
	at org.testng.TestNG.run(TestNG.java:1017)
	at org.apache.maven.surefire.testng.TestNGExecutor.run(TestNGExecutor.java:283)
	at org.apache.maven.surefire.testng.TestNGXmlTestSuite.execute(TestNGXmlTestSuite.java:75)
	at org.apache.maven.surefire.testng.TestNGProvider.invoke(TestNGProvider.java:120)
	at org.apache.maven.surefire.booter.ForkedBooter.invokeProviderInSameClassLoader(ForkedBooter.java:379)
	at org.apache.maven.surefire.booter.ForkedBooter.runSuitesInProcess(ForkedBooter.java:340)
	at org.apache.maven.surefire.booter.ForkedBooter.execute(ForkedBooter.java:125)
	at org.apache.maven.surefire.booter.ForkedBooter.main(ForkedBooter.java:413)
]]></system-err>
  </testcase>
  <testcase name="tearDown" classname="Training.rediffElementTest" time="0">
    <skipped/>
  </testcase>
</testsuite>