<?xml version="1.0" encoding="UTF-8"?>
<!-- Generated by org.testng.reporters.JUnitXMLReporter -->
<testsuite hostname="nandoorath00170" ignored="0" name="Test" tests="4" failures="0" timestamp="15 Mar 2018 13:16:16 GMT" time="0.058" errors="0">
  <testcase name="@BeforeTest setUp" time="0.012" classname="Training.rediffElementTest">
    <failure type="java.io.FileNotFoundException" message="C:\Users\nandoorath001\E2EProject\src\main\java\resources\data.properties (The system cannot find the path specified)">
      <![CDATA[java.io.FileNotFoundException: C:\Users\nandoorath001\E2EProject\src\main\java\resources\data.properties (The system cannot find the path specified)
at java.io.FileInputStream.open0(Native Method)
at java.io.FileInputStream.open(FileInputStream.java:195)
at java.io.FileInputStream.<init>(FileInputStream.java:138)
at java.io.FileInputStream.<init>(FileInputStream.java:93)
at resources.base.initializeDriver(base.java:25)
at Training.rediffElementTest.setUp(rediffElementTest.java:23)
... Removed 24 stack frames]]>
    </failure>
  </testcase> <!-- @BeforeTest setUp -->
  <testcase name="@BeforeTest setUp" time="0.0" classname="Training.rediffLogoTest">
    <skipped/>
  </testcase> <!-- @BeforeTest setUp -->
  <testcase name="@BeforeTest setUp" time="0.0" classname="Training.rediffMainTest">
    <skipped/>
  </testcase> <!-- @BeforeTest setUp -->
  <testcase name="@AfterTest tearDown" time="0.0" classname="Training.rediffElementTest">
    <skipped/>
  </testcase> <!-- @AfterTest tearDown -->
  <testcase name="@AfterTest tearDown" time="0.0" classname="Training.rediffLogoTest">
    <skipped/>
  </testcase> <!-- @AfterTest tearDown -->
  <testcase name="@AfterTest tearDown" time="0.0" classname="Training.rediffMainTest">
    <skipped/>
  </testcase> <!-- @AfterTest tearDown -->
  <testcase name="elementValidation" time="0.0" classname="Training.rediffElementTest">
    <skipped/>
  </testcase> <!-- elementValidation -->
  <testcase name="loginNavigation" time="0.0" classname="Training.rediffMainTest">
    <skipped/>
  </testcase> <!-- loginNavigation -->
  <testcase name="loginNavigation" time="0.0" classname="Training.rediffMainTest">
    <skipped/>
  </testcase> <!-- loginNavigation -->
  <testcase name="logoValidation" time="0.0" classname="Training.rediffLogoTest">
    <skipped/>
  </testcase> <!-- logoValidation -->
</testsuite> <!-- Test -->
